[Thu Feb  5 20:24:58 2026][PLAYER] New connection assigned to Player 0
[Thu Feb  5 20:25:00 2026][PLAYER] Player 0 is READY
[Thu Feb  5 20:25:02 2026][PLAYER] New connection assigned to Player 1
[Thu Feb  5 20:25:03 2026][PLAYER] Player 1 is READY
[Thu Feb  5 20:28:56 2026][PLAYER] New connection assigned to Player 0
[Thu Feb  5 20:28:58 2026][PLAYER] Player 0 is READY
[Thu Feb  5 20:29:01 2026][PLAYER] New connection assigned to Player 1
[Thu Feb  5 20:29:02 2026][PLAYER] Player 1 is READY
[Thu Feb  5 20:29:13 2026][PLAYER] New connection assigned to Player 0
[Thu Feb  5 20:29:14 2026][PLAYER] Player 0 is READY
[Thu Feb  5 20:29:15 2026][PLAYER] New connection assigned to Player 1
[Thu Feb  5 20:29:17 2026][PLAYER] Player 1 is READY
[Thu Feb  5 20:33:29 2026][PLAYER] New connection assigned to Player 0
[Thu Feb  5 20:33:31 2026][PLAYER] Player 0 is READY
[Thu Feb  5 20:33:33 2026][PLAYER] New connection assigned to Player 1
[Thu Feb  5 20:33:34 2026][PLAYER] Player 1 is READY
[Thu Feb  5 20:34:02 2026][PLAYER] New connection assigned to Player 0
[Thu Feb  5 20:34:03 2026][PLAYER] Player 0 is READY
[Thu Feb  5 20:34:05 2026][PLAYER] New connection assigned to Player 1
[Thu Feb  5 20:34:06 2026][PLAYER] Player 1 is READY
[Thu Feb  5 20:34:06 2026][GAME] Send Board State To All
[Thu Feb  5 20:36:18 2026][PLAYER] New connection assigned to Player 0
[Thu Feb  5 20:36:19 2026][PLAYER] Player 0 is READY
[Thu Feb  5 20:36:22 2026][PLAYER] New connection assigned to Player 1
[Thu Feb  5 20:36:22 2026][PLAYER] Player 1 is READY
[Thu Feb  5 20:36:22 2026][GAME] Send Board State To All
[Thu Feb  5 20:36:53 2026][PLAYER] New connection assigned to Player 0
[Thu Feb  5 20:36:54 2026][PLAYER] Player 0 is READY
[Thu Feb  5 20:36:55 2026][PLAYER] New connection assigned to Player 1
[Thu Feb  5 20:36:56 2026][PLAYER] Player 1 is READY
[Thu Feb  5 20:36:56 2026][GAME] Game Started
[Thu Feb  5 20:37:03 2026][PLAYER] Player 0 disconnected
